<?xml version="1.0" encoding="UTF-8"?>
<testng-results ignored="0" total="4" passed="4" failed="0" skipped="0">
  <reporter-output>
  </reporter-output>
  <suite started-at="2024-02-22T11:24:37 GMT" name="Suite" finished-at="2024-02-22T11:24:55 GMT" duration-ms="17799">
    <groups>
    </groups>
    <test started-at="2024-02-22T11:24:37 GMT" name="Test" finished-at="2024-02-22T11:24:55 GMT" duration-ms="17799">
      <class name="Food.Asda_Test">
        <test-method signature="Asdaa()[pri:0, instance:Food.Asda_Test@76f2bbc1]" started-at="2024-02-22T11:24:49 GMT" name="Asdaa" finished-at="2024-02-22T11:24:51 GMT" duration-ms="1458" status="PASS">
          <reporter-output>
          </reporter-output>
        </test-method> <!-- Asdaa -->
      </class> <!-- Food.Asda_Test -->
      <class name="Food.Sainsbury_Test">
        <test-method signature="Sainsburys()[pri:0, instance:Food.Sainsbury_Test@68e965f5]" started-at="2024-02-22T11:24:51 GMT" name="Sainsburys" finished-at="2024-02-22T11:24:52 GMT" duration-ms="1854" status="PASS">
          <reporter-output>
          </reporter-output>
        </test-method> <!-- Sainsburys -->
      </class> <!-- Food.Sainsbury_Test -->
      <class name="Food.Morrisons_Test">
        <test-method signature="Morrisonss()[pri:0, instance:Food.Morrisons_Test@8317c52]" started-at="2024-02-22T11:24:37 GMT" name="Morrisonss" finished-at="2024-02-22T11:24:49 GMT" duration-ms="12121" status="PASS">
          <reporter-output>
          </reporter-output>
        </test-method> <!-- Morrisonss -->
      </class> <!-- Food.Morrisons_Test -->
      <class name="Food.Tesco_Test">
        <test-method signature="Tescoo()[pri:0, instance:Food.Tesco_Test@6f27a732]" started-at="2024-02-22T11:24:52 GMT" name="Tescoo" finished-at="2024-02-22T11:24:55 GMT" duration-ms="2327" status="PASS">
          <reporter-output>
          </reporter-output>
        </test-method> <!-- Tescoo -->
      </class> <!-- Food.Tesco_Test -->
    </test> <!-- Test -->
  </suite> <!-- Suite -->
</testng-results>
