<?xml version="1.0" encoding="UTF-8"?>
<testng-results ignored="0" total="1" passed="1" failed="0" skipped="0">
  <reporter-output>
  </reporter-output>
  <suite started-at="2024-02-19T11:48:31 GMT" name="Default suite" finished-at="2024-02-19T11:48:37 GMT" duration-ms="5529">
    <groups>
    </groups>
    <test started-at="2024-02-19T11:48:31 GMT" name="Default test" finished-at="2024-02-19T11:48:37 GMT" duration-ms="5529">
      <class name="smoke.TestScript_01_Test">
        <test-method signature="demo()[pri:0, instance:smoke.TestScript_01_Test@576d5deb]" started-at="2024-02-19T11:48:31 GMT" name="demo" finished-at="2024-02-19T11:48:37 GMT" duration-ms="5494" status="PASS">
          <reporter-output>
          </reporter-output>
        </test-method> <!-- demo -->
      </class> <!-- smoke.TestScript_01_Test -->
    </test> <!-- Default test -->
  </suite> <!-- Default suite -->
</testng-results>
