<?xml version="1.0" encoding="UTF-8"?>
<!-- Generated by org.testng.reporters.JUnitXMLReporter -->
<testsuite ignored="0" hostname="Rekha-laptop" failures="0" tests="4" name="Test" time="17.799" errors="0" timestamp="2024-02-22T11:24:55 GMT">
  <testcase classname="Food.Morrisons_Test" name="Morrisonss" time="12.121"/>
  <testcase classname="Food.Asda_Test" name="Asdaa" time="1.458"/>
  <testcase classname="Food.Sainsbury_Test" name="Sainsburys" time="1.854"/>
  <testcase classname="Food.Tesco_Test" name="Tescoo" time="2.327"/>
</testsuite> <!-- Test -->
