<?xml version="1.0" encoding="UTF-8"?>
<!-- Generated by org.testng.reporters.JUnitXMLReporter -->
<testsuite ignored="0" hostname="Rekha-laptop" failures="0" tests="10" name="Surefire test" time="26.98" errors="0" timestamp="2024-02-22T11:19:13 GMT">
  <testcase classname="bags.Michael_Test" name="Mk" time="4.858"/>
  <testcase classname="bags.Radley_Test" name="Rad" time="2.082"/>
  <testcase classname="beauty.Boots_Test" name="Bootss" time="3.672"/>
  <testcase classname="beauty.Denbenhams_Test" name="Debenhams" time="1.886"/>
  <testcase classname="beauty.Matalan_Test" name="Matalann" time="2.444"/>
  <testcase classname="Food.Asda_Test" name="Asdaa" time="1.389"/>
  <testcase classname="Food.Morrisons_Test" name="Morrisonss" time="2.282"/>
  <testcase classname="Food.Sainsbury_Test" name="Sainsburys" time="2.121"/>
  <testcase classname="Food.Tesco_Test" name="Tescoo" time="2.534"/>
  <testcase classname="smoke.TestScript_01_Test" name="demo" time="3.678"/>
</testsuite> <!-- Surefire test -->
